-------------------------------------------------------------------------------
Test set: TestSuite
-------------------------------------------------------------------------------
Tests run: 3, Failures: 3, Errors: 0, Skipped: 0, Time elapsed: 124.0 s <<< FAILURE! -- in TestSuite
RunnerPack.TestRunner.runScenario["End to End Ticket booking from IRCTC Website one special train", "Train Ticket Book from IRCTC Website after target one special train"](1) -- Time elapsed: 63.05 s <<< FAILURE!
org.openqa.selenium.NoSuchWindowException: 
no such window: target window already closed
from unknown error: web view not found
  (Session info: chrome=128.0.6613.138)
Build info: version: '4.21.0', revision: '79ed462ef4'
System info: os.name: 'Windows 10', os.arch: 'amd64', os.version: '10.0', java.version: '21.0.3'
Driver info: org.openqa.selenium.chrome.ChromeDriver
Command: [e5d8356792be03a9e673951deaf64559, findElement {value=//div[@id='loader'], using=xpath}]
Capabilities {acceptInsecureCerts: false, browserName: chrome, browserVersion: 128.0.6613.138, chrome: {chromedriverVersion: 128.0.6613.137 (fe621c5aa2d..., userDataDir: C:\WINDOWS\SystemTemp\scope...}, fedcm:accounts: true, goog:chromeOptions: {debuggerAddress: localhost:59883}, networkConnectionEnabled: false, pageLoadStrategy: normal, platformName: windows, proxy: Proxy(), se:cdp: ws://localhost:59883/devtoo..., se:cdpVersion: 128.0.6613.138, setWindowRect: true, strictFileInteractability: false, timeouts: {implicit: 0, pageLoad: 300000, script: 30000}, unhandledPromptBehavior: dismiss and notify, webauthn:extension:credBlob: true, webauthn:extension:largeBlob: true, webauthn:extension:minPinLength: true, webauthn:extension:prf: true, webauthn:virtualAuthenticators: true}
Session ID: e5d8356792be03a9e673951deaf64559
	at java.base/jdk.internal.reflect.DirectConstructorHandleAccessor.newInstance(DirectConstructorHandleAccessor.java:62)
	at java.base/java.lang.reflect.Constructor.newInstanceWithCaller(Constructor.java:502)
	at java.base/java.lang.reflect.Constructor.newInstance(Constructor.java:486)
	at org.openqa.selenium.remote.ErrorCodec.decode(ErrorCodec.java:167)
	at org.openqa.selenium.remote.codec.w3c.W3CHttpResponseCodec.decode(W3CHttpResponseCodec.java:138)
	at org.openqa.selenium.remote.codec.w3c.W3CHttpResponseCodec.decode(W3CHttpResponseCodec.java:50)
	at org.openqa.selenium.remote.HttpCommandExecutor.execute(HttpCommandExecutor.java:190)
	at org.openqa.selenium.remote.service.DriverCommandExecutor.invokeExecute(DriverCommandExecutor.java:216)
	at org.openqa.selenium.remote.service.DriverCommandExecutor.execute(DriverCommandExecutor.java:174)
	at org.openqa.selenium.remote.RemoteWebDriver.execute(RemoteWebDriver.java:518)
	at org.openqa.selenium.remote.ElementLocation$ElementFinder$2.findElement(ElementLocation.java:165)
	at org.openqa.selenium.remote.ElementLocation.findElement(ElementLocation.java:59)
	at org.openqa.selenium.remote.RemoteWebDriver.findElement(RemoteWebDriver.java:355)
	at org.openqa.selenium.remote.RemoteWebDriver.findElement(RemoteWebDriver.java:349)
	at org.openqa.selenium.support.pagefactory.DefaultElementLocator.findElement(DefaultElementLocator.java:68)
	at org.openqa.selenium.support.pagefactory.internal.LocatingElementHandler.invoke(LocatingElementHandler.java:38)
	at jdk.proxy2/jdk.proxy2.$Proxy24.toString(Unknown Source)
	at java.base/java.lang.String.valueOf(String.java:4465)
	at org.openqa.selenium.support.ui.ExpectedConditions$48.toString(ExpectedConditions.java:1367)
	at java.base/java.lang.String.valueOf(String.java:4465)
	at org.openqa.selenium.support.ui.FluentWait.until(FluentWait.java:225)
	at GenericUtils.CommonlyUsedFunc.WaitUntilElementInvisible(CommonlyUsedFunc.java:48)
	at POMClasses.LoginPage.launchBrowser(LoginPage.java:98)
	at StepDefinations.TicketBookStepDefination.userIsOnLoginPage(TicketBookStepDefination.java:45)
	at ✽.User is present in IRCTC Website(file:///E:/EclipsWorkSpace/IRCTC_CUCUMBER_PROJECT/src/test/java/FeatureFiles/TicketBookTargetedTrain.feature:5)

RunnerPack.TestRunner.runScenario["End to End Ticket booking from IRCTC Website one special train", "Train Ticket Book from IRCTC Website after target one special train"](2) -- Time elapsed: 0.656 s <<< FAILURE!
org.openqa.selenium.NoSuchWindowException: 
no such window: target window already closed
from unknown error: web view not found
  (Session info: chrome=128.0.6613.138)
Build info: version: '4.21.0', revision: '79ed462ef4'
System info: os.name: 'Windows 10', os.arch: 'amd64', os.version: '10.0', java.version: '21.0.3'
Driver info: org.openqa.selenium.chrome.ChromeDriver
Command: [f799b080e1f95a93dbb79a61acfd90fd, findElement {value=//div[@id='loader'], using=xpath}]
Capabilities {acceptInsecureCerts: false, browserName: chrome, browserVersion: 128.0.6613.138, chrome: {chromedriverVersion: 128.0.6613.137 (fe621c5aa2d..., userDataDir: C:\WINDOWS\SystemTemp\scope...}, fedcm:accounts: true, goog:chromeOptions: {debuggerAddress: localhost:59890}, networkConnectionEnabled: false, pageLoadStrategy: normal, platformName: windows, proxy: Proxy(), se:cdp: ws://localhost:59890/devtoo..., se:cdpVersion: 128.0.6613.138, setWindowRect: true, strictFileInteractability: false, timeouts: {implicit: 0, pageLoad: 300000, script: 30000}, unhandledPromptBehavior: dismiss and notify, webauthn:extension:credBlob: true, webauthn:extension:largeBlob: true, webauthn:extension:minPinLength: true, webauthn:extension:prf: true, webauthn:virtualAuthenticators: true}
Session ID: f799b080e1f95a93dbb79a61acfd90fd
	at java.base/jdk.internal.reflect.DirectConstructorHandleAccessor.newInstance(DirectConstructorHandleAccessor.java:62)
	at java.base/java.lang.reflect.Constructor.newInstanceWithCaller(Constructor.java:502)
	at java.base/java.lang.reflect.Constructor.newInstance(Constructor.java:486)
	at org.openqa.selenium.remote.ErrorCodec.decode(ErrorCodec.java:167)
	at org.openqa.selenium.remote.codec.w3c.W3CHttpResponseCodec.decode(W3CHttpResponseCodec.java:138)
	at org.openqa.selenium.remote.codec.w3c.W3CHttpResponseCodec.decode(W3CHttpResponseCodec.java:50)
	at org.openqa.selenium.remote.HttpCommandExecutor.execute(HttpCommandExecutor.java:190)
	at org.openqa.selenium.remote.service.DriverCommandExecutor.invokeExecute(DriverCommandExecutor.java:216)
	at org.openqa.selenium.remote.service.DriverCommandExecutor.execute(DriverCommandExecutor.java:174)
	at org.openqa.selenium.remote.RemoteWebDriver.execute(RemoteWebDriver.java:518)
	at org.openqa.selenium.remote.ElementLocation$ElementFinder$2.findElement(ElementLocation.java:165)
	at org.openqa.selenium.remote.ElementLocation.findElement(ElementLocation.java:59)
	at org.openqa.selenium.remote.RemoteWebDriver.findElement(RemoteWebDriver.java:355)
	at org.openqa.selenium.remote.RemoteWebDriver.findElement(RemoteWebDriver.java:349)
	at org.openqa.selenium.support.pagefactory.DefaultElementLocator.findElement(DefaultElementLocator.java:68)
	at org.openqa.selenium.support.pagefactory.internal.LocatingElementHandler.invoke(LocatingElementHandler.java:38)
	at jdk.proxy2/jdk.proxy2.$Proxy24.toString(Unknown Source)
	at java.base/java.lang.String.valueOf(String.java:4465)
	at org.openqa.selenium.support.ui.ExpectedConditions$48.toString(ExpectedConditions.java:1367)
	at java.base/java.lang.String.valueOf(String.java:4465)
	at org.openqa.selenium.support.ui.FluentWait.until(FluentWait.java:225)
	at GenericUtils.CommonlyUsedFunc.WaitUntilElementInvisible(CommonlyUsedFunc.java:48)
	at POMClasses.LoginPage.launchBrowser(LoginPage.java:98)
	at StepDefinations.TicketBookStepDefination.userIsOnLoginPage(TicketBookStepDefination.java:45)
	at ✽.User is present in IRCTC Website(file:///E:/EclipsWorkSpace/IRCTC_CUCUMBER_PROJECT/src/test/java/FeatureFiles/TicketBookTargetedTrain.feature:5)

RunnerPack.TestRunner.runScenario["End to End Ticket booking from IRCTC Website one special train", "Train Ticket Book from IRCTC Website after target one special train"](3) -- Time elapsed: 57.92 s <<< FAILURE!
java.lang.Exception: Train is Not Available
	at POMClasses.TrainListForDate.choose_Sit_If_Available(TrainListForDate.java:120)
	at StepDefinations.TicketBookStepDefination.book_ticket_for_your_journey(TicketBookStepDefination.java:92)
	at ✽.Book "SHRAMJEEVI EXP" Ticket for your journey(file:///E:/EclipsWorkSpace/IRCTC_CUCUMBER_PROJECT/src/test/java/FeatureFiles/TicketBookTargetedTrain.feature:8)

