<?xml version="1.0" encoding="UTF-8"?>
<testng-results ignored="0" total="1" passed="1" failed="0" skipped="0">
  <reporter-output>
  </reporter-output>
  <suite started-at="2024-06-30T03:08:02 IST" name="Surefire suite" finished-at="2024-06-30T03:10:35 IST" duration-ms="153278">
    <groups>
      <group name="cucumber">
        <method signature="AbstractTestNGCucumberTests.runScenario(io.cucumber.testng.PickleWrapper,io.cucumber.testng.FeatureWrapper)[pri:0, instance:RunnerPack.TestRunner@2d7275fc]" name="runScenario" class="io.cucumber.testng.AbstractTestNGCucumberTests"/>
      </group> <!-- cucumber -->
    </groups>
    <test started-at="2024-06-30T03:08:02 IST" name="Surefire test" finished-at="2024-06-30T03:10:35 IST" duration-ms="153278">
      <class name="RunnerPack.TestRunner">
        <test-method is-config="true" signature="setUpClass(org.testng.ITestContext)[pri:0, instance:RunnerPack.TestRunner@2d7275fc]" started-at="2024-06-30T03:08:02 IST" name="setUpClass" finished-at="2024-06-30T03:08:04 IST" duration-ms="1914" status="PASS">
          <params>
            <param index="0">
              <value>
                <![CDATA[org.testng.TestRunner@4522d793]]>
              </value>
            </param>
          </params>
          <reporter-output>
          </reporter-output>
        </test-method> <!-- setUpClass -->
        <test-method signature="runScenario(io.cucumber.testng.PickleWrapper,io.cucumber.testng.FeatureWrapper)[pri:0, instance:RunnerPack.TestRunner@2d7275fc]" started-at="2024-06-30T03:08:04 IST" name="runScenario" description="Runs Cucumber Scenarios" data-provider="scenarios" finished-at="2024-06-30T03:10:33 IST" duration-ms="149476" status="PASS">
          <params>
            <param index="0">
              <value>
                <![CDATA["End to End Ticket booking from IRCTC Website"]]>
              </value>
            </param>
            <param index="1">
              <value>
                <![CDATA["Train Ticket Book from IRCTC Website"]]>
              </value>
            </param>
          </params>
          <reporter-output>
          </reporter-output>
        </test-method> <!-- runScenario -->
        <test-method is-config="true" signature="tearDownClass()[pri:0, instance:RunnerPack.TestRunner@2d7275fc]" started-at="2024-06-30T03:10:33 IST" name="tearDownClass" finished-at="2024-06-30T03:10:35 IST" duration-ms="1807" status="PASS">
          <reporter-output>
          </reporter-output>
        </test-method> <!-- tearDownClass -->
      </class> <!-- RunnerPack.TestRunner -->
    </test> <!-- Surefire test -->
  </suite> <!-- Surefire suite -->
</testng-results>
